<?xml version="1.0" encoding="UTF-8"?>
<testng-results ignored="0" total="1" passed="1" failed="0" skipped="0">
  <reporter-output>
    <line>
      <![CDATA[Browser window is maximized successfully]]>
    </line>
  </reporter-output>
  <suite started-at="2022-02-26T12:07:19 IST" name="Default suite" finished-at="2022-02-26T12:07:26 IST" duration-ms="6770">
    <groups>
    </groups>
    <test started-at="2022-02-26T12:07:19 IST" name="Default test" finished-at="2022-02-26T12:07:26 IST" duration-ms="6770">
      <class name="test_Scripts.TestScript1">
        <test-method is-config="true" signature="openApplication(java.lang.String)[pri:0, instance:test_Scripts.TestScript1@4229bb3f]" started-at="2022-02-26T12:07:19 IST" name="openApplication" finished-at="2022-02-26T12:07:23 IST" duration-ms="4010" status="PASS">
          <params>
            <param index="0">
              <value>
                <![CDATA[chrome]]>
              </value>
            </param>
          </params>
          <reporter-output>
            <line>
              <![CDATA[Browser window is maximized successfully]]>
            </line>
          </reporter-output>
        </test-method> <!-- openApplication -->
        <test-method signature="testScript1(java.lang.String,java.lang.String)[pri:0, instance:test_Scripts.TestScript1@4229bb3f]" started-at="2022-02-26T12:07:24 IST" name="testScript1" data-provider="testdata" finished-at="2022-02-26T12:07:26 IST" duration-ms="1321" status="PASS">
          <params>
            <param index="0">
              <value>
                <![CDATA[standard_user]]>
              </value>
            </param>
            <param index="1">
              <value>
                <![CDATA[secret_sauce]]>
              </value>
            </param>
          </params>
          <reporter-output>
          </reporter-output>
        </test-method> <!-- testScript1 -->
        <test-method is-config="true" signature="CloseApp()[pri:0, instance:test_Scripts.TestScript1@4229bb3f]" started-at="2022-02-26T12:07:26 IST" name="CloseApp" finished-at="2022-02-26T12:07:26 IST" duration-ms="385" status="PASS">
          <reporter-output>
          </reporter-output>
        </test-method> <!-- CloseApp -->
      </class> <!-- test_Scripts.TestScript1 -->
    </test> <!-- Default test -->
  </suite> <!-- Default suite -->
</testng-results>
