<?xml version="1.0" encoding="UTF-8"?>
<testng-results ignored="0" total="1" passed="1" failed="0" skipped="0">
  <reporter-output>
    <line>
      <![CDATA[Browser window is maximized successfully]]>
    </line>
  </reporter-output>
  <suite started-at="2022-03-31T23:00:21 IST" name="Default suite" finished-at="2022-03-31T23:00:29 IST" duration-ms="7027">
    <groups>
    </groups>
    <test started-at="2022-03-31T23:00:21 IST" name="Default test" finished-at="2022-03-31T23:00:29 IST" duration-ms="7027">
      <class name="test_Scripts.SampleTest">
        <test-method is-config="true" signature="openApplication(java.lang.String)[pri:0, instance:test_Scripts.SampleTest@25084a1e]" started-at="2022-03-31T23:00:22 IST" name="openApplication" finished-at="2022-03-31T23:00:28 IST" duration-ms="6448" status="PASS">
          <params>
            <param index="0">
              <value>
                <![CDATA[chrome]]>
              </value>
            </param>
          </params>
          <reporter-output>
            <line>
              <![CDATA[Browser window is maximized successfully]]>
            </line>
          </reporter-output>
        </test-method> <!-- openApplication -->
        <test-method signature="sample()[pri:0, instance:test_Scripts.SampleTest@25084a1e]" started-at="2022-03-31T23:00:28 IST" name="sample" finished-at="2022-03-31T23:00:28 IST" duration-ms="16" status="PASS">
          <reporter-output>
          </reporter-output>
        </test-method> <!-- sample -->
        <test-method is-config="true" signature="CloseApp()[pri:0, instance:test_Scripts.SampleTest@25084a1e]" started-at="2022-03-31T23:00:28 IST" name="CloseApp" finished-at="2022-03-31T23:00:29 IST" duration-ms="507" status="PASS">
          <reporter-output>
          </reporter-output>
        </test-method> <!-- CloseApp -->
      </class> <!-- test_Scripts.SampleTest -->
    </test> <!-- Default test -->
  </suite> <!-- Default suite -->
</testng-results>
